<?xml version="1.0" encoding="UTF-8"?>
<testsuite xmlns:xsi="http://www.w3.org/2001/XMLSchema-instance" xsi:noNamespaceSchemaLocation="https://maven.apache.org/surefire/maven-surefire-plugin/xsd/surefire-test-report-3.0.xsd" version="3.0" name="TestSuite" time="12.877" tests="4" errors="0" skipped="0" failures="0">
  <properties>
    <property name="java.specification.version" value="17"/>
    <property name="sun.cpu.isalist" value="amd64"/>
    <property name="sun.jnu.encoding" value="Cp1252"/>
    <property name="java.class.path" value="C:\Users\KrishnaUmapathy\eclipse-workspace\uiPortal\target\test-classes;C:\Users\KrishnaUmapathy\eclipse-workspace\uiPortal\target\classes;C:\Users\KrishnaUmapathy\.m2\repository\com\microsoft\playwright\playwright\1.30.0\playwright-1.30.0.jar;C:\Users\KrishnaUmapathy\.m2\repository\com\google\code\gson\gson\2.8.9\gson-2.8.9.jar;C:\Users\KrishnaUmapathy\.m2\repository\org\opentest4j\opentest4j\1.2.0\opentest4j-1.2.0.jar;C:\Users\KrishnaUmapathy\.m2\repository\com\microsoft\playwright\driver\1.30.0\driver-1.30.0.jar;C:\Users\KrishnaUmapathy\.m2\repository\com\microsoft\playwright\driver-bundle\1.30.0\driver-bundle-1.30.0.jar;C:\Users\KrishnaUmapathy\.m2\repository\org\testng\testng\6.14.3\testng-6.14.3.jar;C:\Users\KrishnaUmapathy\.m2\repository\com\beust\jcommander\1.72\jcommander-1.72.jar;C:\Users\KrishnaUmapathy\.m2\repository\org\apache-extras\beanshell\bsh\2.0b6\bsh-2.0b6.jar;C:\Users\KrishnaUmapathy\.m2\repository\org\projectlombok\lombok\1.18.24\lombok-1.18.24.jar;C:\Users\KrishnaUmapathy\.m2\repository\com\aventstack\extentreports\5.0.8\extentreports-5.0.8.jar;C:\Users\KrishnaUmapathy\.m2\repository\io\reactivex\rxjava3\rxjava\3.0.4\rxjava-3.0.4.jar;C:\Users\KrishnaUmapathy\.m2\repository\org\reactivestreams\reactive-streams\1.0.3\reactive-streams-1.0.3.jar;C:\Users\KrishnaUmapathy\.m2\repository\org\freemarker\freemarker\2.3.30\freemarker-2.3.30.jar;"/>
    <property name="java.vm.vendor" value="Oracle Corporation"/>
    <property name="sun.arch.data.model" value="64"/>
    <property name="user.variant" value=""/>
    <property name="java.vendor.url" value="https://java.oracle.com/"/>
    <property name="user.timezone" value="Europe/London"/>
    <property name="os.name" value="Windows 10"/>
    <property name="java.vm.specification.version" value="17"/>
    <property name="sun.java.launcher" value="SUN_STANDARD"/>
    <property name="user.country" value="GB"/>
    <property name="sun.boot.library.path" value="C:\Program Files\Java\jdk-17\bin"/>
    <property name="sun.java.command" value="C:\Users\KrishnaUmapathy\AppData\Local\Temp\surefire5030514705854519959\surefirebooter-20230313161607465_3.jar C:\Users\KrishnaUmapathy\AppData\Local\Temp\surefire5030514705854519959 2023-03-13T16-16-06_684-jvmRun1 surefire-20230313161607465_1tmp surefire_0-20230313161607465_2tmp"/>
    <property name="jdk.debug" value="release"/>
    <property name="surefire.test.class.path" value="C:\Users\KrishnaUmapathy\eclipse-workspace\uiPortal\target\test-classes;C:\Users\KrishnaUmapathy\eclipse-workspace\uiPortal\target\classes;C:\Users\KrishnaUmapathy\.m2\repository\com\microsoft\playwright\playwright\1.30.0\playwright-1.30.0.jar;C:\Users\KrishnaUmapathy\.m2\repository\com\google\code\gson\gson\2.8.9\gson-2.8.9.jar;C:\Users\KrishnaUmapathy\.m2\repository\org\opentest4j\opentest4j\1.2.0\opentest4j-1.2.0.jar;C:\Users\KrishnaUmapathy\.m2\repository\com\microsoft\playwright\driver\1.30.0\driver-1.30.0.jar;C:\Users\KrishnaUmapathy\.m2\repository\com\microsoft\playwright\driver-bundle\1.30.0\driver-bundle-1.30.0.jar;C:\Users\KrishnaUmapathy\.m2\repository\org\testng\testng\6.14.3\testng-6.14.3.jar;C:\Users\KrishnaUmapathy\.m2\repository\com\beust\jcommander\1.72\jcommander-1.72.jar;C:\Users\KrishnaUmapathy\.m2\repository\org\apache-extras\beanshell\bsh\2.0b6\bsh-2.0b6.jar;C:\Users\KrishnaUmapathy\.m2\repository\org\projectlombok\lombok\1.18.24\lombok-1.18.24.jar;C:\Users\KrishnaUmapathy\.m2\repository\com\aventstack\extentreports\5.0.8\extentreports-5.0.8.jar;C:\Users\KrishnaUmapathy\.m2\repository\io\reactivex\rxjava3\rxjava\3.0.4\rxjava-3.0.4.jar;C:\Users\KrishnaUmapathy\.m2\repository\org\reactivestreams\reactive-streams\1.0.3\reactive-streams-1.0.3.jar;C:\Users\KrishnaUmapathy\.m2\repository\org\freemarker\freemarker\2.3.30\freemarker-2.3.30.jar;"/>
    <property name="sun.cpu.endian" value="little"/>
    <property name="user.home" value="C:\Users\KrishnaUmapathy"/>
    <property name="user.language" value="en"/>
    <property name="java.specification.vendor" value="Oracle Corporation"/>
    <property name="java.version.date" value="2023-01-17"/>
    <property name="java.home" value="C:\Program Files\Java\jdk-17"/>
    <property name="file.separator" value="\"/>
    <property name="basedir" value="C:\Users\KrishnaUmapathy\eclipse-workspace\uiPortal"/>
    <property name="java.vm.compressedOopsMode" value="Zero based"/>
    <property name="line.separator" value="&#10;"/>
    <property name="java.vm.specification.vendor" value="Oracle Corporation"/>
    <property name="java.specification.name" value="Java Platform API Specification"/>
    <property name="surefire.real.class.path" value="C:\Users\KrishnaUmapathy\AppData\Local\Temp\surefire5030514705854519959\surefirebooter-20230313161607465_3.jar"/>
    <property name="user.script" value=""/>
    <property name="sun.management.compiler" value="HotSpot 64-Bit Tiered Compilers"/>
    <property name="java.runtime.version" value="17.0.6+9-LTS-190"/>
    <property name="user.name" value="KrishnaUmapathy"/>
    <property name="path.separator" value=";"/>
    <property name="os.version" value="10.0"/>
    <property name="java.runtime.name" value="Java(TM) SE Runtime Environment"/>
    <property name="file.encoding" value="Cp1252"/>
    <property name="java.vm.name" value="Java HotSpot(TM) 64-Bit Server VM"/>
    <property name="localRepository" value="C:\Users\KrishnaUmapathy\.m2\repository"/>
    <property name="java.vendor.url.bug" value="https://bugreport.java.com/bugreport/"/>
    <property name="java.io.tmpdir" value="C:\Users\KRISHN~1\AppData\Local\Temp\"/>
    <property name="java.version" value="17.0.6"/>
    <property name="user.dir" value="C:\Users\KrishnaUmapathy\eclipse-workspace\uiPortal"/>
    <property name="os.arch" value="amd64"/>
    <property name="java.vm.specification.name" value="Java Virtual Machine Specification"/>
    <property name="sun.os.patch.level" value=""/>
    <property name="native.encoding" value="Cp1252"/>
    <property name="java.library.path" value="C:\Program Files\Java\jdk-17\bin;C:\Windows\Sun\Java\bin;C:\Windows\system32;C:\Windows;C:\Program Files\Common Files\Oracle\Java\javapath;C:\Windows\system32;C:\Windows;C:\Windows\System32\Wbem;C:\Windows\System32\WindowsPowerShell\v1.0\;C:\Windows\System32\OpenSSH\;C:\Program Files\Microsoft SQL Server\150\Tools\Binn\;C:\Program Files\WinMerge;C:\Program Files\PuTTY\;C:\Program Files\Docker\Docker\resources\bin;C:\Users\KrishnaUmapathy\AppData\Local\Microsoft\WindowsApps;C:\Users\KrishnaUmapathy\AppData\Local\Programs\Microsoft VS Code\bin;C:\Program Files\JetBrains\PyCharm Community Edition 2022.3.1\bin;C:\Program Files\Java\jdk-17\bin;C:\Program Files\Maven\apache-maven-3.9.0\bin;C:\Users\KrishnaUmapathy\AppData\Local\JetBrains\IntelliJ IDEA Community Edition 2022.3.2\bin;;."/>
    <property name="java.vm.info" value="mixed mode, sharing"/>
    <property name="java.vendor" value="Oracle Corporation"/>
    <property name="java.vm.version" value="17.0.6+9-LTS-190"/>
    <property name="sun.io.unicode.encoding" value="UnicodeLittle"/>
    <property name="java.class.version" value="61.0"/>
  </properties>
  <testcase name="homePageTitleTest" classname="com.portal.tests.HomePageTest" time="0.01">
    <system-out><![CDATA[[TestNGContentHandler] [WARN] It is strongly recommended to add "<!DOCTYPE suite SYSTEM "http://testng.org/testng-1.0.dtd" >" at the top of your file, otherwise TestNG may fail or not work as expected.
...
... TestNG 6.14.3 by CÃ©dric Beust (cedric@beust.com)
...

browser name is : chrome
Title is PremFina - Service by PremFina
]]></system-out>
  </testcase>
  <testcase name="homePageUrlTest" classname="com.portal.tests.HomePageTest" time="0"/>
  <testcase name="login" classname="com.portal.tests.HomePageTest" time="0.543"/>
  <testcase name="searchAgreement[000050580](1)" classname="com.portal.tests.HomePageTest" time="0.323">
    <system-out><![CDATA[search agrSearchheader: Agreement Reference:
search agrAgrResultheader: Agr Reference
]]></system-out>
  </testcase>
</testsuite>