<?xml version="1.0" encoding="UTF-8"?>
<!-- Generated by org.testng.reporters.JUnitReportReporter -->
<testsuite hostname="STDPW03F8G8" failures="0" tests="4" name="com.portal.tests.HomePageTest" time="1.004" errors="0" timestamp="13 Mar 2023 15:38:08 GMT" skipped="0">
  <testcase classname="com.portal.tests.HomePageTest" name="login" time="0.616"/>
  <testcase classname="com.portal.tests.HomePageTest" name="searchAgreement" time="0.369"/>
  <testcase classname="com.portal.tests.HomePageTest" name="homePageTitleTest" time="0.017"/>
  <testcase classname="com.portal.tests.HomePageTest" name="homePageUrlTest" time="0.002"/>
</testsuite> <!-- com.portal.tests.HomePageTest -->
