<?xml version="1.0" encoding="UTF-8"?>
<!-- Generated by org.testng.reporters.JUnitReportReporter -->
<testsuite hostname="STDPW03F8G8" failures="0" tests="4" name="com.portal.tests.HomePageTest" time="0.877" errors="0" timestamp="13 Mar 2023 16:16:20 GMT" skipped="0">
  <testcase classname="com.portal.tests.HomePageTest" name="searchAgreement" time="0.322"/>
  <testcase classname="com.portal.tests.HomePageTest" name="homePageUrlTest" time="0.001"/>
  <testcase classname="com.portal.tests.HomePageTest" name="login" time="0.545"/>
  <testcase classname="com.portal.tests.HomePageTest" name="homePageTitleTest" time="0.009"/>
</testsuite> <!-- com.portal.tests.HomePageTest -->
